  Source.cpp
c:\users\linec\source\repos\my_first_project_oop_game_sfml\my_first_project_oop_game_sfml\source.cpp(34): warning C4305: 'argument': truncation from 'double' to 'float'
c:\users\linec\source\repos\my_first_project_oop_game_sfml\my_first_project_oop_game_sfml\source.cpp(119): warning C4305: 'argument': truncation from 'double' to 'float'
c:\users\linec\source\repos\my_first_project_oop_game_sfml\my_first_project_oop_game_sfml\source.cpp(127): warning C4305: 'argument': truncation from 'double' to 'float'
c:\users\linec\source\repos\my_first_project_oop_game_sfml\my_first_project_oop_game_sfml\source.cpp(135): warning C4305: 'argument': truncation from 'double' to 'float'
c:\users\linec\source\repos\my_first_project_oop_game_sfml\my_first_project_oop_game_sfml\source.cpp(143): warning C4244: 'argument': conversion from 'float' to 'T', possible loss of data
          with
          [
              T=int
          ]
c:\users\linec\source\repos\my_first_project_oop_game_sfml\my_first_project_oop_game_sfml\source.cpp(184): warning C4305: '=': truncation from 'double' to 'float'
c:\users\linec\source\repos\my_first_project_oop_game_sfml\my_first_project_oop_game_sfml\source.cpp(185): warning C4305: '=': truncation from 'double' to 'float'
c:\users\linec\source\repos\my_first_project_oop_game_sfml\my_first_project_oop_game_sfml\source.cpp(186): warning C4305: '=': truncation from 'double' to 'float'
c:\users\linec\source\repos\my_first_project_oop_game_sfml\my_first_project_oop_game_sfml\source.cpp(187): warning C4305: '=': truncation from 'double' to 'float'
c:\users\linec\source\repos\my_first_project_oop_game_sfml\my_first_project_oop_game_sfml\source.cpp(197): warning C4244: '=': conversion from 'int' to 'float', possible loss of data
c:\users\linec\source\repos\my_first_project_oop_game_sfml\my_first_project_oop_game_sfml\source.cpp(198): warning C4244: '=': conversion from 'int' to 'float', possible loss of data
c:\users\linec\source\repos\my_first_project_oop_game_sfml\my_first_project_oop_game_sfml\source.cpp(203): warning C4244: '=': conversion from 'int' to 'float', possible loss of data
c:\users\linec\source\repos\my_first_project_oop_game_sfml\my_first_project_oop_game_sfml\source.cpp(221): warning C4244: '=': conversion from 'int' to 'float', possible loss of data
c:\users\linec\source\repos\my_first_project_oop_game_sfml\my_first_project_oop_game_sfml\source.cpp(222): warning C4244: '=': conversion from 'int' to 'float', possible loss of data
c:\users\linec\source\repos\my_first_project_oop_game_sfml\my_first_project_oop_game_sfml\source.cpp(227): warning C4244: '=': conversion from 'int' to 'float', possible loss of data
c:\users\linec\source\repos\my_first_project_oop_game_sfml\my_first_project_oop_game_sfml\source.cpp(287): warning C4018: '<': signed/unsigned mismatch
c:\users\linec\source\repos\my_first_project_oop_game_sfml\my_first_project_oop_game_sfml\source.cpp(433): warning C4244: 'argument': conversion from 'time_t' to 'unsigned int', possible loss of data
  My_First_Project_OOP_game_SFML.vcxproj -> C:\Users\linec\source\repos\My_First_Project_OOP_game_SFML\Debug\My_First_Project_OOP_game_SFML.exe
